<?xml version="1.0" encoding="UTF-8"?>
<coverage generated="1559036054232" clover="3.2.0">
  <project timestamp="1559036054232" name="All files">
    <metrics statements="12" coveredstatements="12" conditionals="2" coveredconditionals="2" methods="2" coveredmethods="2" elements="16" coveredelements="16" complexity="0" loc="12" ncloc="12" packages="1" files="2" classes="2">
      <file name="SingleTodo.vue" path="/Users/oesukam/git-projects/vue-cypress/src/components/SingleTodo.vue">
        <metrics statements="3" coveredstatements="3" conditionals="0" coveredconditionals="0" methods="1" coveredmethods="1"/>
        <line num="22" count="1" type="stmt"/>
        <line num="31" count="1" type="stmt"/>
        <line num="34" count="1" type="stmt"/>
      </file>
      <file name="Todos.vue" path="/Users/oesukam/git-projects/vue-cypress/src/components/Todos.vue">
        <metrics statements="9" coveredstatements="9" conditionals="2" coveredconditionals="2" methods="1" coveredmethods="1"/>
        <line num="41" count="1" type="stmt"/>
        <line num="42" count="1" type="stmt"/>
        <line num="43" count="1" type="stmt"/>
        <line num="51" count="3" type="stmt"/>
        <line num="62" count="2" type="stmt"/>
        <line num="63" count="2" type="cond" truecount="2" falsecount="0"/>
        <line num="64" count="1" type="stmt"/>
        <line num="70" count="1" type="stmt"/>
        <line num="71" count="1" type="stmt"/>
      </file>
    </metrics>
  </project>
</coverage>
