{"/Users/oesukam/git-projects/vue-cypress/src/components/SingleTodo.vue": {"path":"/Users/oesukam/git-projects/vue-cypress/src/components/SingleTodo.vue","statementMap":{"0":{"start":{"line":22,"column":0},"end":{"line":null,"column":-1}},"1":{"start":{"line":31,"column":0},"end":{"line":null,"column":-1}},"2":{"start":{"line":34,"column":0},"end":{"line":null,"column":-1}}},"fnMap":{"0":{"name":"(anonymous_1)","decl":{"start":{"line":21,"column":0},"end":{"line":null,"column":-1}},"loc":{"start":{"line":21,"column":0},"end":{"line":23,"column":0}}}},"branchMap":{},"s":{"0":1,"1":1,"2":1},"f":{"0":1},"b":{}}
,"/Users/oesukam/git-projects/vue-cypress/src/components/Todos.vue": {"path":"/Users/oesukam/git-projects/vue-cypress/src/components/Todos.vue","statementMap":{"0":{"start":{"line":41,"column":0},"end":{"line":null,"column":-1}},"1":{"start":{"line":42,"column":0},"end":{"line":null,"column":-1}},"2":{"start":{"line":43,"column":0},"end":{"line":null,"column":-1}},"3":{"start":{"line":51,"column":0},"end":{"line":null,"column":-1}},"4":{"start":{"line":62,"column":0},"end":{"line":null,"column":-1}},"5":{"start":{"line":63,"column":0},"end":{"line":73,"column":0}},"6":{"start":{"line":64,"column":0},"end":{"line":null,"column":-1}},"7":{"start":{"line":70,"column":0},"end":{"line":72,"column":0}},"8":{"start":{"line":71,"column":0},"end":{"line":null,"column":-1}}},"fnMap":{"0":{"name":"(anonymous_1)","decl":{"start":{"line":70,"column":0},"end":{"line":null,"column":-1}},"loc":{"start":{"line":70,"column":0},"end":{"line":72,"column":0}}}},"branchMap":{"0":{"loc":{"start":{"line":63,"column":0},"end":{"line":73,"column":0}},"type":"if","locations":[{"start":{"line":63,"column":0},"end":{"line":73,"column":0}},{"start":{"line":63,"column":0},"end":{"line":73,"column":0}}]}},"s":{"0":1,"1":1,"2":1,"3":3,"4":2,"5":2,"6":1,"7":1,"8":1},"f":{"0":1},"b":{"0":[1,1]}}
}
